Using pre-set license
Built from '2020.2/release' branch; Version is '2020.2.2f1 (068178b99f32) revision 426360'; Using compiler version '192528614'; Build Type 'Release'
OS: 'Windows 10 Home; OS build 19043.1288; Version 2009; 64bit' Language: 'en' Physical Memory: 16138 MB
BatchMode: 1, IsHumanControllingUs: 0, StartBugReporterOnCrash: 0, Is64bit: 1, IsPro: 0

 COMMAND LINE ARGUMENTS:
C:\Program Files\Unity\Editor\Unity.exe
-adb2
-batchMode
-noUpm
-name
AssetImportWorker0
-projectPath
C:/Users/seven/Documents/tafe/cert iv digital and interactive games/Programming/Space-Shooter
-logFile
Logs/AssetImportWorker0.log
-srvPort
51691
Successfully changed project path to: C:/Users/seven/Documents/tafe/cert iv digital and interactive games/Programming/Space-Shooter
C:/Users/seven/Documents/tafe/cert iv digital and interactive games/Programming/Space-Shooter
Using Asset Import Pipeline V2.
Refreshing native plugins compatible for Editor in 68.63 ms, found 0 plugins.
Preloading 0 native plugins for Editor in 0.00 ms.
Initialize engine version: 2020.2.2f1 (068178b99f32)
[Subsystems] Discovering subsystems at path C:/Program Files/Unity/Editor/Data/Resources/UnitySubsystems
[Subsystems] Discovering subsystems at path C:/Users/seven/Documents/tafe/cert iv digital and interactive games/Programming/Space-Shooter/Assets
GfxDevice: creating device client; threaded=0
Direct3D:
    Version:  Direct3D 11.0 [level 11.1]
    Renderer: Intel(R) Iris(R) Plus Graphics (ID=0x8a52)
    Vendor:   
    VRAM:     8069 MB
    Driver:   27.20.100.9664
Initialize mono
Mono path[0] = 'C:/Program Files/Unity/Editor/Data/Managed'
Mono path[1] = 'C:/Program Files/Unity/Editor/Data/MonoBleedingEdge/lib/mono/unityjit'
Mono config path = 'C:/Program Files/Unity/Editor/Data/MonoBleedingEdge/etc'
Using monoOptions --debugger-agent=transport=dt_socket,embedding=1,server=y,suspend=n,address=127.0.0.1:56256
Begin MonoManager ReloadAssembly
Registering precompiled unity dll's ...
Register platform support module: C:/Program Files/Unity/Editor/Data/PlaybackEngines/WindowsStandaloneSupport/UnityEditor.WindowsStandalone.Extensions.dll
Registered in 0.004627 seconds.
Native extension for WindowsStandalone target not found
Refreshing native plugins compatible for Editor in 101.96 ms, found 0 plugins.
Preloading 0 native plugins for Editor in 0.00 ms.
Invoked RoslynAnalysisRunner static constructor.
RoslynAnalysisRunner will not be running.
RoslynAnalysisRunner has terminated.
Mono: successfully reloaded assembly
- Completed reload, in  2.512 seconds
Platform modules already initialized, skipping
Registering precompiled user dll's ...
Registered in 0.001261 seconds.
Begin MonoManager ReloadAssembly
Native extension for WindowsStandalone target not found
Refreshing native plugins compatible for Editor in 0.48 ms, found 0 plugins.
Preloading 0 native plugins for Editor in 0.00 ms.
Invoked RoslynAnalysisRunner static constructor.
RoslynAnalysisRunner will not be running.
RoslynAnalysisRunner has terminated.
Mono: successfully reloaded assembly
- Completed reload, in  1.900 seconds
Platform modules already initialized, skipping
========================================================================
Worker process is ready to serve import requests
Launched and connected shader compiler UnityShaderCompiler.exe after 0.07 seconds
Refreshing native plugins compatible for Editor in 0.33 ms, found 0 plugins.
Preloading 0 native plugins for Editor in 0.00 ms.
Unloading 1104 Unused Serialized files (Serialized files now loaded: 0)
System memory in use before: 57.2 MB.
System memory in use after: 57.2 MB.

Unloading 10 unused Assets to reduce memory usage. Loaded Objects now: 1546.
Total: 3.361300 ms (FindLiveObjects: 0.590800 ms CreateObjectMapping: 0.084300 ms MarkObjects: 2.532900 ms  DeleteObjects: 0.150400 ms)

========================================================================
Received Import Request.
  path: Assets/Scripts/AsteroidManager.cs
  artifactKey: Guid(20339d76eb7a45741be9bb8e5f8994d0) Importer(815301076,1909f56bfc062723c751e8b465ee728b)
Start importing Assets/Scripts/AsteroidManager.cs using Guid(20339d76eb7a45741be9bb8e5f8994d0) Importer(815301076,1909f56bfc062723c751e8b465ee728b)  -> (artifact id: '58eb78cb29909dbacb4245e2ded4334f') in 0.065825 seconds
  Import took 0.070541 seconds .

========================================================================
Received Prepare
Registering precompiled user dll's ...
Registered in 0.002080 seconds.
Begin MonoManager ReloadAssembly
Native extension for WindowsStandalone target not found
Refreshing native plugins compatible for Editor in 0.33 ms, found 0 plugins.
Preloading 0 native plugins for Editor in 0.00 ms.
Invoked RoslynAnalysisRunner static constructor.
RoslynAnalysisRunner will not be running.
RoslynAnalysisRunner has terminated.
Mono: successfully reloaded assembly
- Completed reload, in  1.571 seconds
Platform modules already initialized, skipping
Refreshing native plugins compatible for Editor in 0.34 ms, found 0 plugins.
Preloading 0 native plugins for Editor in 0.00 ms.
Unloading 1099 Unused Serialized files (Serialized files now loaded: 0)
System memory in use before: 57.3 MB.
System memory in use after: 57.3 MB.

Unloading 5 unused Assets to reduce memory usage. Loaded Objects now: 1548.
Total: 3.921000 ms (FindLiveObjects: 0.383200 ms CreateObjectMapping: 0.119700 ms MarkObjects: 3.210100 ms  DeleteObjects: 0.205200 ms)

========================================================================
Received Prepare
Registering precompiled user dll's ...
Registered in 0.001158 seconds.
Begin MonoManager ReloadAssembly
Native extension for WindowsStandalone target not found
Refreshing native plugins compatible for Editor in 0.44 ms, found 0 plugins.
Preloading 0 native plugins for Editor in 0.00 ms.
Invoked RoslynAnalysisRunner static constructor.
RoslynAnalysisRunner will not be running.
RoslynAnalysisRunner has terminated.
Mono: successfully reloaded assembly
- Completed reload, in  1.652 seconds
Platform modules already initialized, skipping
Refreshing native plugins compatible for Editor in 0.32 ms, found 0 plugins.
Preloading 0 native plugins for Editor in 0.00 ms.
Unloading 1099 Unused Serialized files (Serialized files now loaded: 0)
System memory in use before: 57.4 MB.
System memory in use after: 57.5 MB.

Unloading 5 unused Assets to reduce memory usage. Loaded Objects now: 1550.
Total: 3.767300 ms (FindLiveObjects: 0.366100 ms CreateObjectMapping: 0.101600 ms MarkObjects: 3.175700 ms  DeleteObjects: 0.121300 ms)

========================================================================
Received Import Request.
  Time since last request: 1803.308379 seconds.
  path: Assets/Art/Prefabs/meteorFull.prefab
  artifactKey: Guid(8a1cf32d42005a840918741223214ebc) Importer(815301076,1909f56bfc062723c751e8b465ee728b)
Start importing Assets/Art/Prefabs/meteorFull.prefab using Guid(8a1cf32d42005a840918741223214ebc) Importer(815301076,1909f56bfc062723c751e8b465ee728b)  -> (artifact id: '480dff3a1bc438d369fe700fc61606a9') in 0.231503 seconds
  Import took 0.235138 seconds .

========================================================================
Received Import Request.
  Time since last request: 0.009220 seconds.
  path: Assets/Art/Prefabs/meteorFull.prefab
  artifactKey: Guid(8a1cf32d42005a840918741223214ebc) Importer(815301076,1909f56bfc062723c751e8b465ee728b)
Start importing Assets/Art/Prefabs/meteorFull.prefab using Guid(8a1cf32d42005a840918741223214ebc) Importer(815301076,1909f56bfc062723c751e8b465ee728b)  -> (artifact id: '480dff3a1bc438d369fe700fc61606a9') in 0.020279 seconds
  Import took 0.025729 seconds .

========================================================================
Received Import Request.
  Time since last request: 77.917536 seconds.
  path: Assets/Scripts/PointsHandler.cs
  artifactKey: Guid(2681de95f75dc0c46a9f7c4e18087262) Importer(815301076,1909f56bfc062723c751e8b465ee728b)
Start importing Assets/Scripts/PointsHandler.cs using Guid(2681de95f75dc0c46a9f7c4e18087262) Importer(815301076,1909f56bfc062723c751e8b465ee728b)  -> (artifact id: '5ed50d7a752bdea746ec958a20cdf84d') in 0.018812 seconds
  Import took 0.023811 seconds .

========================================================================
Received Prepare
Registering precompiled user dll's ...
Registered in 0.001965 seconds.
Begin MonoManager ReloadAssembly
Native extension for WindowsStandalone target not found
Refreshing native plugins compatible for Editor in 0.33 ms, found 0 plugins.
Preloading 0 native plugins for Editor in 0.00 ms.
Invoked RoslynAnalysisRunner static constructor.
RoslynAnalysisRunner will not be running.
RoslynAnalysisRunner has terminated.
Mono: successfully reloaded assembly
- Completed reload, in  1.827 seconds
Platform modules already initialized, skipping
Refreshing native plugins compatible for Editor in 0.31 ms, found 0 plugins.
Preloading 0 native plugins for Editor in 0.00 ms.
Unloading 1098 Unused Serialized files (Serialized files now loaded: 0)
System memory in use before: 60.7 MB.
System memory in use after: 60.8 MB.

Unloading 6 unused Assets to reduce memory usage. Loaded Objects now: 1558.
Total: 3.582400 ms (FindLiveObjects: 0.375500 ms CreateObjectMapping: 0.094500 ms MarkObjects: 2.848300 ms  DeleteObjects: 0.259800 ms)

========================================================================
Received Prepare
Registering precompiled user dll's ...
Registered in 0.001182 seconds.
Begin MonoManager ReloadAssembly
Native extension for WindowsStandalone target not found
Refreshing native plugins compatible for Editor in 0.60 ms, found 0 plugins.
Preloading 0 native plugins for Editor in 0.00 ms.
Invoked RoslynAnalysisRunner static constructor.
RoslynAnalysisRunner will not be running.
RoslynAnalysisRunner has terminated.
Mono: successfully reloaded assembly
- Completed reload, in  1.579 seconds
Platform modules already initialized, skipping
Refreshing native plugins compatible for Editor in 0.26 ms, found 0 plugins.
Preloading 0 native plugins for Editor in 0.00 ms.
Unloading 1098 Unused Serialized files (Serialized files now loaded: 0)
System memory in use before: 60.9 MB.
System memory in use after: 60.9 MB.

Unloading 5 unused Assets to reduce memory usage. Loaded Objects now: 1560.
Total: 3.069500 ms (FindLiveObjects: 0.342100 ms CreateObjectMapping: 0.136600 ms MarkObjects: 2.429600 ms  DeleteObjects: 0.158900 ms)

========================================================================
Received Import Request.
  Time since last request: 45.548758 seconds.
  path: Assets/Art/Prefabs/Asteroid.prefab
  artifactKey: Guid(29201fd7b61482b4baf35295d08a1fc7) Importer(815301076,1909f56bfc062723c751e8b465ee728b)
Start importing Assets/Art/Prefabs/Asteroid.prefab using Guid(29201fd7b61482b4baf35295d08a1fc7) Importer(815301076,1909f56bfc062723c751e8b465ee728b)  -> (artifact id: '5993ab08d999966891fa25c775c4836a') in 0.178947 seconds
  Import took 0.183695 seconds .

========================================================================
Received Import Request.
  Time since last request: 0.000527 seconds.
  path: Assets/Art/Prefabs/meteorFull.prefab
  artifactKey: Guid(8a1cf32d42005a840918741223214ebc) Importer(815301076,1909f56bfc062723c751e8b465ee728b)
Start importing Assets/Art/Prefabs/meteorFull.prefab using Guid(8a1cf32d42005a840918741223214ebc) Importer(815301076,1909f56bfc062723c751e8b465ee728b)  -> (artifact id: '7ce7d05567c74d6a231d12b711907a0a') in 0.020061 seconds
  Import took 0.025946 seconds .

========================================================================
Received Prepare
Registering precompiled user dll's ...
Registered in 0.000955 seconds.
Begin MonoManager ReloadAssembly
Native extension for WindowsStandalone target not found
Refreshing native plugins compatible for Editor in 0.32 ms, found 0 plugins.
Preloading 0 native plugins for Editor in 0.00 ms.
Invoked RoslynAnalysisRunner static constructor.
RoslynAnalysisRunner will not be running.
RoslynAnalysisRunner has terminated.
Mono: successfully reloaded assembly
- Completed reload, in  1.667 seconds
Platform modules already initialized, skipping
Refreshing native plugins compatible for Editor in 0.31 ms, found 0 plugins.
Preloading 0 native plugins for Editor in 0.00 ms.
Unloading 1098 Unused Serialized files (Serialized files now loaded: 0)
System memory in use before: 61.0 MB.
System memory in use after: 61.1 MB.

Unloading 5 unused Assets to reduce memory usage. Loaded Objects now: 1564.
Total: 3.550100 ms (FindLiveObjects: 0.268800 ms CreateObjectMapping: 0.052600 ms MarkObjects: 3.139000 ms  DeleteObjects: 0.087500 ms)

========================================================================
Received Import Request.
  Time since last request: 12.728771 seconds.
  path: Assets/Art/Prefabs/meteorFull.prefab
  artifactKey: Guid(8a1cf32d42005a840918741223214ebc) Importer(815301076,1909f56bfc062723c751e8b465ee728b)
Start importing Assets/Art/Prefabs/meteorFull.prefab using Guid(8a1cf32d42005a840918741223214ebc) Importer(815301076,1909f56bfc062723c751e8b465ee728b)  -> (artifact id: 'fad6d1f5e8c2cad351aae59a7a602922') in 0.117219 seconds
  Import took 0.121825 seconds .

========================================================================
Received Prepare
Registering precompiled user dll's ...
Registered in 0.001337 seconds.
Begin MonoManager ReloadAssembly
Native extension for WindowsStandalone target not found
Refreshing native plugins compatible for Editor in 0.40 ms, found 0 plugins.
Preloading 0 native plugins for Editor in 0.00 ms.
Invoked RoslynAnalysisRunner static constructor.
RoslynAnalysisRunner will not be running.
RoslynAnalysisRunner has terminated.
Mono: successfully reloaded assembly
- Completed reload, in  1.591 seconds
Platform modules already initialized, skipping
Refreshing native plugins compatible for Editor in 0.36 ms, found 0 plugins.
Preloading 0 native plugins for Editor in 0.00 ms.
Unloading 1098 Unused Serialized files (Serialized files now loaded: 0)
System memory in use before: 61.2 MB.
System memory in use after: 61.2 MB.

Unloading 5 unused Assets to reduce memory usage. Loaded Objects now: 1567.
Total: 3.015900 ms (FindLiveObjects: 0.185900 ms CreateObjectMapping: 0.055300 ms MarkObjects: 2.607000 ms  DeleteObjects: 0.165200 ms)

========================================================================
Received Prepare
Registering precompiled user dll's ...
Registered in 0.001847 seconds.
Begin MonoManager ReloadAssembly
Native extension for WindowsStandalone target not found
Refreshing native plugins compatible for Editor in 0.35 ms, found 0 plugins.
Preloading 0 native plugins for Editor in 0.00 ms.
Invoked RoslynAnalysisRunner static constructor.
RoslynAnalysisRunner will not be running.
RoslynAnalysisRunner has terminated.
Mono: successfully reloaded assembly
- Completed reload, in  1.606 seconds
Platform modules already initialized, skipping
Refreshing native plugins compatible for Editor in 0.23 ms, found 0 plugins.
Preloading 0 native plugins for Editor in 0.00 ms.
Unloading 1098 Unused Serialized files (Serialized files now loaded: 0)
System memory in use before: 61.3 MB.
System memory in use after: 61.4 MB.

Unloading 5 unused Assets to reduce memory usage. Loaded Objects now: 1569.
Total: 3.629600 ms (FindLiveObjects: 0.233400 ms CreateObjectMapping: 0.104400 ms MarkObjects: 3.181900 ms  DeleteObjects: 0.108200 ms)

========================================================================
Received Import Request.
  Time since last request: 75.410937 seconds.
  path: Assets/Art/Prefabs/Asteroid.prefab
  artifactKey: Guid(29201fd7b61482b4baf35295d08a1fc7) Importer(815301076,1909f56bfc062723c751e8b465ee728b)
Start importing Assets/Art/Prefabs/Asteroid.prefab using Guid(29201fd7b61482b4baf35295d08a1fc7) Importer(815301076,1909f56bfc062723c751e8b465ee728b)  -> (artifact id: '9d8c4bef04c34ca938c79703f9d998d0') in 0.119434 seconds
  Import took 0.124756 seconds .

========================================================================
Received Import Request.
  Time since last request: 0.000633 seconds.
  path: Assets/Art/Prefabs/meteorFull.prefab
  artifactKey: Guid(8a1cf32d42005a840918741223214ebc) Importer(815301076,1909f56bfc062723c751e8b465ee728b)
Start importing Assets/Art/Prefabs/meteorFull.prefab using Guid(8a1cf32d42005a840918741223214ebc) Importer(815301076,1909f56bfc062723c751e8b465ee728b)  -> (artifact id: 'caec3bd65b384058ecc1bfe416a4c599') in 0.027695 seconds
  Import took 0.033487 seconds .

========================================================================
Received Prepare
Registering precompiled user dll's ...
Registered in 0.001217 seconds.
Begin MonoManager ReloadAssembly
Native extension for WindowsStandalone target not found
Refreshing native plugins compatible for Editor in 0.59 ms, found 0 plugins.
Preloading 0 native plugins for Editor in 0.00 ms.
Invoked RoslynAnalysisRunner static constructor.
RoslynAnalysisRunner will not be running.
RoslynAnalysisRunner has terminated.
Mono: successfully reloaded assembly
- Completed reload, in  1.645 seconds
Platform modules already initialized, skipping
Refreshing native plugins compatible for Editor in 0.33 ms, found 0 plugins.
Preloading 0 native plugins for Editor in 0.00 ms.
Unloading 1098 Unused Serialized files (Serialized files now loaded: 0)
System memory in use before: 61.5 MB.
System memory in use after: 61.5 MB.

Unloading 5 unused Assets to reduce memory usage. Loaded Objects now: 1572.
Total: 3.102900 ms (FindLiveObjects: 0.166400 ms CreateObjectMapping: 0.087600 ms MarkObjects: 2.742800 ms  DeleteObjects: 0.104200 ms)

========================================================================
Received Prepare
Registering precompiled user dll's ...
Registered in 0.002132 seconds.
Begin MonoManager ReloadAssembly
Native extension for WindowsStandalone target not found
Refreshing native plugins compatible for Editor in 0.36 ms, found 0 plugins.
Preloading 0 native plugins for Editor in 0.00 ms.
Invoked RoslynAnalysisRunner static constructor.
RoslynAnalysisRunner will not be running.
RoslynAnalysisRunner has terminated.
Mono: successfully reloaded assembly
- Completed reload, in  1.837 seconds
Platform modules already initialized, skipping
Refreshing native plugins compatible for Editor in 0.44 ms, found 0 plugins.
Preloading 0 native plugins for Editor in 0.00 ms.
Unloading 1098 Unused Serialized files (Serialized files now loaded: 0)
System memory in use before: 61.6 MB.
System memory in use after: 61.7 MB.

Unloading 5 unused Assets to reduce memory usage. Loaded Objects now: 1574.
Total: 5.737400 ms (FindLiveObjects: 0.327400 ms CreateObjectMapping: 0.088500 ms MarkObjects: 5.087800 ms  DeleteObjects: 0.231400 ms)

========================================================================
Received Import Request.
  Time since last request: 632.357471 seconds.
  path: Assets/Scripts/PointsHandler.cs
  artifactKey: Guid(2681de95f75dc0c46a9f7c4e18087262) Importer(815301076,1909f56bfc062723c751e8b465ee728b)
Start importing Assets/Scripts/PointsHandler.cs using Guid(2681de95f75dc0c46a9f7c4e18087262) Importer(815301076,1909f56bfc062723c751e8b465ee728b)  -> (artifact id: 'b4fb09a856e00e6f3bddece459f0d30f') in 0.017658 seconds
  Import took 0.021107 seconds .

========================================================================
Received Import Request.
  Time since last request: 0.025518 seconds.
  path: Assets/Scripts/PointsHandler.cs
  artifactKey: Guid(2681de95f75dc0c46a9f7c4e18087262) Importer(815301076,1909f56bfc062723c751e8b465ee728b)
Start importing Assets/Scripts/PointsHandler.cs using Guid(2681de95f75dc0c46a9f7c4e18087262) Importer(815301076,1909f56bfc062723c751e8b465ee728b)  -> (artifact id: 'b4fb09a856e00e6f3bddece459f0d30f') in 0.009972 seconds
  Import took 0.015149 seconds .

========================================================================
Received Prepare
Registering precompiled user dll's ...
Registered in 0.001379 seconds.
Begin MonoManager ReloadAssembly
Native extension for WindowsStandalone target not found
Refreshing native plugins compatible for Editor in 0.50 ms, found 0 plugins.
Preloading 0 native plugins for Editor in 0.00 ms.
Invoked RoslynAnalysisRunner static constructor.
RoslynAnalysisRunner will not be running.
RoslynAnalysisRunner has terminated.
Mono: successfully reloaded assembly
- Completed reload, in  2.034 seconds
Platform modules already initialized, skipping
Refreshing native plugins compatible for Editor in 0.32 ms, found 0 plugins.
Preloading 0 native plugins for Editor in 0.00 ms.
Unloading 1099 Unused Serialized files (Serialized files now loaded: 0)
System memory in use before: 61.8 MB.
System memory in use after: 61.8 MB.

Unloading 5 unused Assets to reduce memory usage. Loaded Objects now: 1577.
Total: 3.612700 ms (FindLiveObjects: 0.433300 ms CreateObjectMapping: 0.162000 ms MarkObjects: 2.909100 ms  DeleteObjects: 0.104300 ms)

========================================================================
Received Import Request.
  Time since last request: 150.481653 seconds.
  path: Assets/Scripts/PointsHandler.cs
  artifactKey: Guid(2681de95f75dc0c46a9f7c4e18087262) Importer(815301076,1909f56bfc062723c751e8b465ee728b)
Start importing Assets/Scripts/PointsHandler.cs using Guid(2681de95f75dc0c46a9f7c4e18087262) Importer(815301076,1909f56bfc062723c751e8b465ee728b)  -> (artifact id: 'e616bb7821fcaf32a085603a722dae38') in 0.023586 seconds
  Import took 0.029090 seconds .

========================================================================
Received Import Request.
  Time since last request: 0.626078 seconds.
  path: Assets/Scripts/EnemyCollision.cs
  artifactKey: Guid(4b40024317d201145bf328397364aa87) Importer(815301076,1909f56bfc062723c751e8b465ee728b)
Start importing Assets/Scripts/EnemyCollision.cs using Guid(4b40024317d201145bf328397364aa87) Importer(815301076,1909f56bfc062723c751e8b465ee728b)  -> (artifact id: '07bea2bd20a66515014c013cb288d27b') in 0.022471 seconds
  Import took 0.026923 seconds .

========================================================================
Received Import Request.
  Time since last request: 10.450959 seconds.
  path: Assets/Scripts/AsteroidCollision.cs
  artifactKey: Guid(4b40024317d201145bf328397364aa87) Importer(815301076,1909f56bfc062723c751e8b465ee728b)
Start importing Assets/Scripts/AsteroidCollision.cs using Guid(4b40024317d201145bf328397364aa87) Importer(815301076,1909f56bfc062723c751e8b465ee728b)  -> (artifact id: 'b2a1e2f73255e907e8dac700f808d24a') in 0.023817 seconds
  Import took 0.028165 seconds .

========================================================================
Received Prepare
Registering precompiled user dll's ...
Registered in 0.001855 seconds.
Begin MonoManager ReloadAssembly
Native extension for WindowsStandalone target not found
Refreshing native plugins compatible for Editor in 0.30 ms, found 0 plugins.
Preloading 0 native plugins for Editor in 0.00 ms.
Invoked RoslynAnalysisRunner static constructor.
RoslynAnalysisRunner will not be running.
RoslynAnalysisRunner has terminated.
Mono: successfully reloaded assembly
- Completed reload, in  1.743 seconds
Platform modules already initialized, skipping
Refreshing native plugins compatible for Editor in 0.36 ms, found 0 plugins.
Preloading 0 native plugins for Editor in 0.00 ms.
Unloading 1099 Unused Serialized files (Serialized files now loaded: 0)
System memory in use before: 61.9 MB.
System memory in use after: 62.0 MB.

Unloading 5 unused Assets to reduce memory usage. Loaded Objects now: 1579.
Total: 3.550600 ms (FindLiveObjects: 0.511400 ms CreateObjectMapping: 0.189600 ms MarkObjects: 2.702600 ms  DeleteObjects: 0.144200 ms)

========================================================================
Received Import Request.
  Time since last request: 47.153358 seconds.
  path: Assets/Art/Material/Asteroid.mat
  artifactKey: Guid(cd37d3c610816864ca71f5cc1b359dd3) Importer(815301076,1909f56bfc062723c751e8b465ee728b)
Start importing Assets/Art/Material/Asteroid.mat using Guid(cd37d3c610816864ca71f5cc1b359dd3) Importer(815301076,1909f56bfc062723c751e8b465ee728b)  -> (artifact id: '2d8fad5b8431441b1876ec9fcad3e000') in 0.166581 seconds
  Import took 0.171998 seconds .

========================================================================
Received Import Request.
  Time since last request: 0.000563 seconds.
  path: Assets/Art/Material/Bullet.mat
  artifactKey: Guid(d192ff3915979f748a8d6fe2950831a4) Importer(815301076,1909f56bfc062723c751e8b465ee728b)
Start importing Assets/Art/Material/Bullet.mat using Guid(d192ff3915979f748a8d6fe2950831a4) Importer(815301076,1909f56bfc062723c751e8b465ee728b)  -> (artifact id: '46e5ea7b2cfac6e7819c0983d16ec1d0') in 0.041818 seconds
  Import took 0.045772 seconds .

========================================================================
Received Import Request.
  Time since last request: 0.000436 seconds.
  path: Assets/Art/Material/Player.mat
  artifactKey: Guid(48d5b3caffd5f804693cb0e2caef39cd) Importer(815301076,1909f56bfc062723c751e8b465ee728b)
Start importing Assets/Art/Material/Player.mat using Guid(48d5b3caffd5f804693cb0e2caef39cd) Importer(815301076,1909f56bfc062723c751e8b465ee728b)  -> (artifact id: 'bdc7ff92e69a291e15f1e729d42d933b') in 0.036614 seconds
  Import took 0.040793 seconds .

========================================================================
Received Import Request.
  Time since last request: 2.381905 seconds.
  path: Assets/Art/Prefabs/Asteroid.prefab
  artifactKey: Guid(29201fd7b61482b4baf35295d08a1fc7) Importer(815301076,1909f56bfc062723c751e8b465ee728b)
Start importing Assets/Art/Prefabs/Asteroid.prefab using Guid(29201fd7b61482b4baf35295d08a1fc7) Importer(815301076,1909f56bfc062723c751e8b465ee728b)  -> (artifact id: '149e6cf9e682a02d73c0fef3ed84b08c') in 0.040959 seconds
  Import took 0.045344 seconds .

========================================================================
Received Import Request.
  Time since last request: 0.000399 seconds.
  path: Assets/Art/Prefabs/meteorFull.prefab
  artifactKey: Guid(8a1cf32d42005a840918741223214ebc) Importer(815301076,1909f56bfc062723c751e8b465ee728b)
Start importing Assets/Art/Prefabs/meteorFull.prefab using Guid(8a1cf32d42005a840918741223214ebc) Importer(815301076,1909f56bfc062723c751e8b465ee728b)  -> (artifact id: 'ecfbe11669c29d23eba5a18e3da7a4a2') in 0.028199 seconds
  Import took 0.032693 seconds .

========================================================================
Received Import Request.
  Time since last request: 0.009503 seconds.
  path: Assets/Art/Prefabs/meteorFull.prefab
  artifactKey: Guid(8a1cf32d42005a840918741223214ebc) Importer(815301076,1909f56bfc062723c751e8b465ee728b)
Start importing Assets/Art/Prefabs/meteorFull.prefab using Guid(8a1cf32d42005a840918741223214ebc) Importer(815301076,1909f56bfc062723c751e8b465ee728b)  -> (artifact id: 'ecfbe11669c29d23eba5a18e3da7a4a2') in 0.020831 seconds
  Import took 0.026163 seconds .

========================================================================
Received Prepare
Registering precompiled user dll's ...
Registered in 0.001403 seconds.
Begin MonoManager ReloadAssembly
Native extension for WindowsStandalone target not found
Refreshing native plugins compatible for Editor in 0.50 ms, found 0 plugins.
Preloading 0 native plugins for Editor in 0.00 ms.
Invoked RoslynAnalysisRunner static constructor.
RoslynAnalysisRunner will not be running.
RoslynAnalysisRunner has terminated.
Mono: successfully reloaded assembly
- Completed reload, in  1.901 seconds
Platform modules already initialized, skipping
Refreshing native plugins compatible for Editor in 0.37 ms, found 0 plugins.
Preloading 0 native plugins for Editor in 0.00 ms.
Unloading 1099 Unused Serialized files (Serialized files now loaded: 0)
System memory in use before: 62.3 MB.
System memory in use after: 62.4 MB.

Unloading 5 unused Assets to reduce memory usage. Loaded Objects now: 1615.
Total: 4.085300 ms (FindLiveObjects: 0.337600 ms CreateObjectMapping: 0.074400 ms MarkObjects: 3.545100 ms  DeleteObjects: 0.125800 ms)

========================================================================
Received Import Request.
  Time since last request: 89.816372 seconds.
  path: Assets/Art/Prefabs/Asteroid.prefab
  artifactKey: Guid(29201fd7b61482b4baf35295d08a1fc7) Importer(815301076,1909f56bfc062723c751e8b465ee728b)
Start importing Assets/Art/Prefabs/Asteroid.prefab using Guid(29201fd7b61482b4baf35295d08a1fc7) Importer(815301076,1909f56bfc062723c751e8b465ee728b)  -> (artifact id: '56a5166c79d2420b864a867e7e8a3ba2') in 0.135413 seconds
  Import took 0.139472 seconds .

========================================================================
Received Import Request.
  Time since last request: 0.000362 seconds.
  path: Assets/Art/Prefabs/meteorFull.prefab
  artifactKey: Guid(8a1cf32d42005a840918741223214ebc) Importer(815301076,1909f56bfc062723c751e8b465ee728b)
Start importing Assets/Art/Prefabs/meteorFull.prefab using Guid(8a1cf32d42005a840918741223214ebc) Importer(815301076,1909f56bfc062723c751e8b465ee728b)  -> (artifact id: '268382c59a6bb20f1c76ef192f5ac1ab') in 0.020875 seconds
  Import took 0.025270 seconds .

========================================================================
Received Prepare
Registering precompiled user dll's ...
Registered in 0.002536 seconds.
Begin MonoManager ReloadAssembly
Native extension for WindowsStandalone target not found
Refreshing native plugins compatible for Editor in 0.87 ms, found 0 plugins.
Preloading 0 native plugins for Editor in 0.00 ms.
Invoked RoslynAnalysisRunner static constructor.
RoslynAnalysisRunner will not be running.
RoslynAnalysisRunner has terminated.
Mono: successfully reloaded assembly
- Completed reload, in  1.718 seconds
Platform modules already initialized, skipping
Refreshing native plugins compatible for Editor in 0.36 ms, found 0 plugins.
Preloading 0 native plugins for Editor in 0.00 ms.
Unloading 1099 Unused Serialized files (Serialized files now loaded: 0)
System memory in use before: 62.5 MB.
System memory in use after: 62.6 MB.

Unloading 5 unused Assets to reduce memory usage. Loaded Objects now: 1618.
Total: 3.263900 ms (FindLiveObjects: 0.235500 ms CreateObjectMapping: 0.075900 ms MarkObjects: 2.794800 ms  DeleteObjects: 0.155400 ms)

========================================================================
Received Prepare
Registering precompiled user dll's ...
Registered in 0.001393 seconds.
Begin MonoManager ReloadAssembly
Native extension for WindowsStandalone target not found
Refreshing native plugins compatible for Editor in 0.71 ms, found 0 plugins.
Preloading 0 native plugins for Editor in 0.00 ms.
Invoked RoslynAnalysisRunner static constructor.
RoslynAnalysisRunner will not be running.
RoslynAnalysisRunner has terminated.
Mono: successfully reloaded assembly
- Completed reload, in  1.945 seconds
Platform modules already initialized, skipping
Refreshing native plugins compatible for Editor in 0.32 ms, found 0 plugins.
Preloading 0 native plugins for Editor in 0.00 ms.
Unloading 1099 Unused Serialized files (Serialized files now loaded: 0)
System memory in use before: 62.5 MB.
System memory in use after: 62.6 MB.

Unloading 5 unused Assets to reduce memory usage. Loaded Objects now: 1620.
Total: 3.940300 ms (FindLiveObjects: 0.355200 ms CreateObjectMapping: 0.102500 ms MarkObjects: 3.342600 ms  DeleteObjects: 0.138200 ms)

========================================================================
Received Prepare
Registering precompiled user dll's ...
Registered in 0.001870 seconds.
Begin MonoManager ReloadAssembly
Native extension for WindowsStandalone target not found
Refreshing native plugins compatible for Editor in 0.35 ms, found 0 plugins.
Preloading 0 native plugins for Editor in 0.00 ms.
Invoked RoslynAnalysisRunner static constructor.
RoslynAnalysisRunner will not be running.
RoslynAnalysisRunner has terminated.
Mono: successfully reloaded assembly
- Completed reload, in  1.906 seconds
Platform modules already initialized, skipping
Refreshing native plugins compatible for Editor in 0.36 ms, found 0 plugins.
Preloading 0 native plugins for Editor in 0.00 ms.
Unloading 1099 Unused Serialized files (Serialized files now loaded: 0)
System memory in use before: 61.8 MB.
System memory in use after: 61.9 MB.

Unloading 5 unused Assets to reduce memory usage. Loaded Objects now: 1622.
Total: 5.470200 ms (FindLiveObjects: 0.337600 ms CreateObjectMapping: 0.061100 ms MarkObjects: 4.885300 ms  DeleteObjects: 0.182600 ms)

========================================================================
Received Prepare
Registering precompiled user dll's ...
Registered in 0.002161 seconds.
Begin MonoManager ReloadAssembly
Native extension for WindowsStandalone target not found
Refreshing native plugins compatible for Editor in 0.40 ms, found 0 plugins.
Preloading 0 native plugins for Editor in 0.00 ms.
Invoked RoslynAnalysisRunner static constructor.
RoslynAnalysisRunner will not be running.
RoslynAnalysisRunner has terminated.
Mono: successfully reloaded assembly
- Completed reload, in  1.918 seconds
Platform modules already initialized, skipping
Refreshing native plugins compatible for Editor in 0.51 ms, found 0 plugins.
Preloading 0 native plugins for Editor in 0.00 ms.
Unloading 1099 Unused Serialized files (Serialized files now loaded: 0)
System memory in use before: 61.9 MB.
System memory in use after: 62.0 MB.

Unloading 5 unused Assets to reduce memory usage. Loaded Objects now: 1624.
Total: 2.920500 ms (FindLiveObjects: 0.220300 ms CreateObjectMapping: 0.083800 ms MarkObjects: 2.503300 ms  DeleteObjects: 0.111000 ms)

========================================================================
Received Prepare
Registering precompiled user dll's ...
Registered in 0.001237 seconds.
Begin MonoManager ReloadAssembly
Native extension for WindowsStandalone target not found
Refreshing native plugins compatible for Editor in 0.35 ms, found 0 plugins.
Preloading 0 native plugins for Editor in 0.00 ms.
Invoked RoslynAnalysisRunner static constructor.
RoslynAnalysisRunner will not be running.
RoslynAnalysisRunner has terminated.
Mono: successfully reloaded assembly
- Completed reload, in  1.904 seconds
Platform modules already initialized, skipping
Refreshing native plugins compatible for Editor in 0.35 ms, found 0 plugins.
Preloading 0 native plugins for Editor in 0.00 ms.
Unloading 1099 Unused Serialized files (Serialized files now loaded: 0)
System memory in use before: 62.1 MB.
System memory in use after: 62.2 MB.

Unloading 5 unused Assets to reduce memory usage. Loaded Objects now: 1626.
Total: 2.434500 ms (FindLiveObjects: 0.321200 ms CreateObjectMapping: 0.062600 ms MarkObjects: 1.930100 ms  DeleteObjects: 0.118900 ms)

========================================================================
Received Prepare
Registering precompiled user dll's ...
Registered in 0.001779 seconds.
Begin MonoManager ReloadAssembly
Native extension for WindowsStandalone target not found
Refreshing native plugins compatible for Editor in 0.37 ms, found 0 plugins.
Preloading 0 native plugins for Editor in 0.00 ms.
Invoked RoslynAnalysisRunner static constructor.
RoslynAnalysisRunner will not be running.
RoslynAnalysisRunner has terminated.
Mono: successfully reloaded assembly
- Completed reload, in  2.018 seconds
Platform modules already initialized, skipping
Refreshing native plugins compatible for Editor in 0.52 ms, found 0 plugins.
Preloading 0 native plugins for Editor in 0.00 ms.
Unloading 1099 Unused Serialized files (Serialized files now loaded: 0)
System memory in use before: 62.2 MB.
System memory in use after: 62.3 MB.

Unloading 5 unused Assets to reduce memory usage. Loaded Objects now: 1628.
Total: 4.973900 ms (FindLiveObjects: 0.242500 ms CreateObjectMapping: 0.079100 ms MarkObjects: 4.480500 ms  DeleteObjects: 0.168800 ms)

========================================================================
Received Prepare
Registering precompiled user dll's ...
Registered in 0.001202 seconds.
Begin MonoManager ReloadAssembly
Native extension for WindowsStandalone target not found
Refreshing native plugins compatible for Editor in 0.41 ms, found 0 plugins.
Preloading 0 native plugins for Editor in 0.00 ms.
Invoked RoslynAnalysisRunner static constructor.
RoslynAnalysisRunner will not be running.
RoslynAnalysisRunner has terminated.
Mono: successfully reloaded assembly
- Completed reload, in  1.712 seconds
Platform modules already initialized, skipping
Refreshing native plugins compatible for Editor in 0.37 ms, found 0 plugins.
Preloading 0 native plugins for Editor in 0.00 ms.
Unloading 1099 Unused Serialized files (Serialized files now loaded: 0)
System memory in use before: 62.4 MB.
System memory in use after: 62.5 MB.

Unloading 5 unused Assets to reduce memory usage. Loaded Objects now: 1630.
Total: 3.617900 ms (FindLiveObjects: 0.525900 ms CreateObjectMapping: 0.100500 ms MarkObjects: 2.800700 ms  DeleteObjects: 0.189000 ms)

========================================================================
Received Import Request.
  Time since last request: 927.422637 seconds.
  path: Assets/Art/Prefabs/Asteroid.prefab
  artifactKey: Guid(29201fd7b61482b4baf35295d08a1fc7) Importer(815301076,1909f56bfc062723c751e8b465ee728b)
Start importing Assets/Art/Prefabs/Asteroid.prefab using Guid(29201fd7b61482b4baf35295d08a1fc7) Importer(815301076,1909f56bfc062723c751e8b465ee728b)  -> (artifact id: '65d4cbcb6a71b3fe2bd5615084d94106') in 0.143930 seconds
  Import took 0.148438 seconds .

========================================================================
Received Import Request.
  Time since last request: 0.000513 seconds.
  path: Assets/Art/Prefabs/meteorFull.prefab
  artifactKey: Guid(8a1cf32d42005a840918741223214ebc) Importer(815301076,1909f56bfc062723c751e8b465ee728b)
Start importing Assets/Art/Prefabs/meteorFull.prefab using Guid(8a1cf32d42005a840918741223214ebc) Importer(815301076,1909f56bfc062723c751e8b465ee728b)  -> (artifact id: 'c5bb90ba826bf1e6a5aadbab67fef1c6') in 0.025745 seconds
  Import took 0.031279 seconds .

========================================================================
Received Prepare
Registering precompiled user dll's ...
Registered in 0.001163 seconds.
Begin MonoManager ReloadAssembly
Native extension for WindowsStandalone target not found
Refreshing native plugins compatible for Editor in 0.44 ms, found 0 plugins.
Preloading 0 native plugins for Editor in 0.00 ms.
Invoked RoslynAnalysisRunner static constructor.
RoslynAnalysisRunner will not be running.
RoslynAnalysisRunner has terminated.
Mono: successfully reloaded assembly
- Completed reload, in  1.910 seconds
Platform modules already initialized, skipping
Refreshing native plugins compatible for Editor in 0.34 ms, found 0 plugins.
Preloading 0 native plugins for Editor in 0.00 ms.
Unloading 1099 Unused Serialized files (Serialized files now loaded: 0)
System memory in use before: 62.5 MB.
System memory in use after: 62.6 MB.

Unloading 5 unused Assets to reduce memory usage. Loaded Objects now: 1633.
Total: 3.919700 ms (FindLiveObjects: 0.464000 ms CreateObjectMapping: 0.135600 ms MarkObjects: 3.162000 ms  DeleteObjects: 0.154900 ms)

========================================================================
Received Import Request.
  Time since last request: 197.055989 seconds.
  path: Assets/Art/Prefabs/Asteroid.prefab
  artifactKey: Guid(29201fd7b61482b4baf35295d08a1fc7) Importer(815301076,1909f56bfc062723c751e8b465ee728b)
Start importing Assets/Art/Prefabs/Asteroid.prefab using Guid(29201fd7b61482b4baf35295d08a1fc7) Importer(815301076,1909f56bfc062723c751e8b465ee728b)  -> (artifact id: 'e43522f8e588c00289e243060de83a36') in 0.133703 seconds
  Import took 0.139445 seconds .

========================================================================
Received Import Request.
  Time since last request: 0.000539 seconds.
  path: Assets/Art/Prefabs/meteorFull.prefab
  artifactKey: Guid(8a1cf32d42005a840918741223214ebc) Importer(815301076,1909f56bfc062723c751e8b465ee728b)
Start importing Assets/Art/Prefabs/meteorFull.prefab using Guid(8a1cf32d42005a840918741223214ebc) Importer(815301076,1909f56bfc062723c751e8b465ee728b)  -> (artifact id: '2c39ae662162e67e71cb80ef055f36a9') in 0.022437 seconds
  Import took 0.026435 seconds .

========================================================================
Received Prepare
Registering precompiled user dll's ...
Registered in 0.001439 seconds.
Begin MonoManager ReloadAssembly
Native extension for WindowsStandalone target not found
Refreshing native plugins compatible for Editor in 0.37 ms, found 0 plugins.
Preloading 0 native plugins for Editor in 0.00 ms.
Invoked RoslynAnalysisRunner static constructor.
RoslynAnalysisRunner will not be running.
RoslynAnalysisRunner has terminated.
Mono: successfully reloaded assembly
- Completed reload, in  1.871 seconds
Platform modules already initialized, skipping
Refreshing native plugins compatible for Editor in 0.32 ms, found 0 plugins.
Preloading 0 native plugins for Editor in 0.00 ms.
Unloading 1099 Unused Serialized files (Serialized files now loaded: 0)
System memory in use before: 62.5 MB.
System memory in use after: 62.6 MB.

Unloading 5 unused Assets to reduce memory usage. Loaded Objects now: 1636.
Total: 3.368900 ms (FindLiveObjects: 0.418300 ms CreateObjectMapping: 0.088000 ms MarkObjects: 2.761700 ms  DeleteObjects: 0.097700 ms)

========================================================================
Received Prepare
Registering precompiled user dll's ...
Registered in 0.001554 seconds.
Begin MonoManager ReloadAssembly
Native extension for WindowsStandalone target not found
Refreshing native plugins compatible for Editor in 0.61 ms, found 0 plugins.
Preloading 0 native plugins for Editor in 0.00 ms.
Invoked RoslynAnalysisRunner static constructor.
RoslynAnalysisRunner will not be running.
RoslynAnalysisRunner has terminated.
Mono: successfully reloaded assembly
- Completed reload, in  1.790 seconds
Platform modules already initialized, skipping
Refreshing native plugins compatible for Editor in 0.19 ms, found 0 plugins.
Preloading 0 native plugins for Editor in 0.00 ms.
Unloading 1099 Unused Serialized files (Serialized files now loaded: 0)
System memory in use before: 61.8 MB.
System memory in use after: 61.9 MB.

Unloading 5 unused Assets to reduce memory usage. Loaded Objects now: 1638.
Total: 4.143700 ms (FindLiveObjects: 0.319400 ms CreateObjectMapping: 0.116000 ms MarkObjects: 3.557500 ms  DeleteObjects: 0.148000 ms)

========================================================================
Received Import Request.
  Time since last request: 1483.297709 seconds.
  path: Assets/Art/Prefabs/meteorFull.prefab
  artifactKey: Guid(8a1cf32d42005a840918741223214ebc) Importer(815301076,1909f56bfc062723c751e8b465ee728b)
Start importing Assets/Art/Prefabs/meteorFull.prefab using Guid(8a1cf32d42005a840918741223214ebc) Importer(815301076,1909f56bfc062723c751e8b465ee728b)  -> (artifact id: '6a406511da4ed54a66bf20065fd7189b') in 0.108819 seconds
  Import took 0.113997 seconds .

========================================================================
Received Import Request.
  Time since last request: 1.056219 seconds.
  path: Assets/Art/Prefabs/meteorFull.prefab
  artifactKey: Guid(8a1cf32d42005a840918741223214ebc) Importer(815301076,1909f56bfc062723c751e8b465ee728b)
Start importing Assets/Art/Prefabs/meteorFull.prefab using Guid(8a1cf32d42005a840918741223214ebc) Importer(815301076,1909f56bfc062723c751e8b465ee728b)  -> (artifact id: '6a406511da4ed54a66bf20065fd7189b') in 0.016782 seconds
  Import took 0.020151 seconds .

========================================================================
Received Prepare
Registering precompiled user dll's ...
Registered in 0.001208 seconds.
Begin MonoManager ReloadAssembly
Native extension for WindowsStandalone target not found
Refreshing native plugins compatible for Editor in 0.45 ms, found 0 plugins.
Preloading 0 native plugins for Editor in 0.00 ms.
Invoked RoslynAnalysisRunner static constructor.
RoslynAnalysisRunner will not be running.
RoslynAnalysisRunner has terminated.
Mono: successfully reloaded assembly
- Completed reload, in  1.726 seconds
Platform modules already initialized, skipping
Refreshing native plugins compatible for Editor in 0.43 ms, found 0 plugins.
Preloading 0 native plugins for Editor in 0.00 ms.
Unloading 1099 Unused Serialized files (Serialized files now loaded: 0)
System memory in use before: 62.0 MB.
System memory in use after: 62.0 MB.

Unloading 5 unused Assets to reduce memory usage. Loaded Objects now: 1641.
Total: 3.521900 ms (FindLiveObjects: 0.326500 ms CreateObjectMapping: 0.042900 ms MarkObjects: 3.054800 ms  DeleteObjects: 0.096700 ms)

========================================================================
Received Prepare
Registering precompiled user dll's ...
Registered in 0.001708 seconds.
Begin MonoManager ReloadAssembly
Native extension for WindowsStandalone target not found
Refreshing native plugins compatible for Editor in 0.34 ms, found 0 plugins.
Preloading 0 native plugins for Editor in 0.00 ms.
Invoked RoslynAnalysisRunner static constructor.
RoslynAnalysisRunner will not be running.
RoslynAnalysisRunner has terminated.
Mono: successfully reloaded assembly
- Completed reload, in  1.655 seconds
Platform modules already initialized, skipping
Refreshing native plugins compatible for Editor in 0.41 ms, found 0 plugins.
Preloading 0 native plugins for Editor in 0.00 ms.
Unloading 1099 Unused Serialized files (Serialized files now loaded: 0)
System memory in use before: 62.1 MB.
System memory in use after: 62.2 MB.

Unloading 5 unused Assets to reduce memory usage. Loaded Objects now: 1643.
Total: 4.039000 ms (FindLiveObjects: 0.581900 ms CreateObjectMapping: 0.188000 ms MarkObjects: 3.150300 ms  DeleteObjects: 0.116200 ms)

========================================================================
Received Import Request.
  Time since last request: 820.465859 seconds.
  path: Assets/Art/Prefabs/Asteroid.prefab
  artifactKey: Guid(29201fd7b61482b4baf35295d08a1fc7) Importer(815301076,1909f56bfc062723c751e8b465ee728b)
Start importing Assets/Art/Prefabs/Asteroid.prefab using Guid(29201fd7b61482b4baf35295d08a1fc7) Importer(815301076,1909f56bfc062723c751e8b465ee728b)  -> (artifact id: 'f46c7627c13113283549aeed0fa9f755') in 0.117580 seconds
  Import took 0.122780 seconds .

========================================================================
Received Prepare
Registering precompiled user dll's ...
Registered in 0.001288 seconds.
Begin MonoManager ReloadAssembly
Native extension for WindowsStandalone target not found
Refreshing native plugins compatible for Editor in 0.45 ms, found 0 plugins.
Preloading 0 native plugins for Editor in 0.00 ms.
Invoked RoslynAnalysisRunner static constructor.
RoslynAnalysisRunner will not be running.
RoslynAnalysisRunner has terminated.
Mono: successfully reloaded assembly
- Completed reload, in  1.575 seconds
Platform modules already initialized, skipping
Refreshing native plugins compatible for Editor in 0.34 ms, found 0 plugins.
Preloading 0 native plugins for Editor in 0.00 ms.
Unloading 1099 Unused Serialized files (Serialized files now loaded: 0)
System memory in use before: 62.3 MB.
System memory in use after: 62.3 MB.

Unloading 5 unused Assets to reduce memory usage. Loaded Objects now: 1646.
Total: 3.080100 ms (FindLiveObjects: 0.349000 ms CreateObjectMapping: 0.081700 ms MarkObjects: 2.479000 ms  DeleteObjects: 0.167300 ms)

========================================================================
Received Import Request.
  Time since last request: 38.775511 seconds.
  path: Assets/Scripts/ObstacleController.cs
  artifactKey: Guid(a0073417d31d838409bf39fed990eda5) Importer(815301076,1909f56bfc062723c751e8b465ee728b)
Start importing Assets/Scripts/ObstacleController.cs using Guid(a0073417d31d838409bf39fed990eda5) Importer(815301076,1909f56bfc062723c751e8b465ee728b)  -> (artifact id: 'c79dcd7294b33249d4972cc126436864') in 0.041589 seconds
  Import took 0.045145 seconds .

========================================================================
Received Import Request.
  Time since last request: 7.707223 seconds.
  path: Assets/Scripts/ObstacleMover.cs
  artifactKey: Guid(a0073417d31d838409bf39fed990eda5) Importer(815301076,1909f56bfc062723c751e8b465ee728b)
Start importing Assets/Scripts/ObstacleMover.cs using Guid(a0073417d31d838409bf39fed990eda5) Importer(815301076,1909f56bfc062723c751e8b465ee728b)  -> (artifact id: '6b14981960ca3f95652d7936b19da18e') in 0.015644 seconds
  Import took 0.019616 seconds .

========================================================================
Received Import Request.
  Time since last request: 0.001504 seconds.
  path: Assets/Scripts/ObstacleMover.cs
  artifactKey: Guid(a0073417d31d838409bf39fed990eda5) Importer(815301076,1909f56bfc062723c751e8b465ee728b)
Start importing Assets/Scripts/ObstacleMover.cs using Guid(a0073417d31d838409bf39fed990eda5) Importer(815301076,1909f56bfc062723c751e8b465ee728b)  -> (artifact id: '6b14981960ca3f95652d7936b19da18e') in 0.006278 seconds
  Import took 0.010612 seconds .

========================================================================
Received Prepare
Registering precompiled user dll's ...
Registered in 0.000889 seconds.
Begin MonoManager ReloadAssembly
Native extension for WindowsStandalone target not found
Refreshing native plugins compatible for Editor in 0.33 ms, found 0 plugins.
Preloading 0 native plugins for Editor in 0.00 ms.
Invoked RoslynAnalysisRunner static constructor.
RoslynAnalysisRunner will not be running.
RoslynAnalysisRunner has terminated.
Mono: successfully reloaded assembly
- Completed reload, in  1.730 seconds
Platform modules already initialized, skipping
Refreshing native plugins compatible for Editor in 0.31 ms, found 0 plugins.
Preloading 0 native plugins for Editor in 0.00 ms.
Unloading 1099 Unused Serialized files (Serialized files now loaded: 0)
System memory in use before: 62.4 MB.
System memory in use after: 62.5 MB.

Unloading 5 unused Assets to reduce memory usage. Loaded Objects now: 1648.
Total: 3.009700 ms (FindLiveObjects: 0.188500 ms CreateObjectMapping: 0.066400 ms MarkObjects: 2.613500 ms  DeleteObjects: 0.139000 ms)

========================================================================
Received Import Request.
  Time since last request: 27.576722 seconds.
  path: Assets/Scripts/AsteroidCollision.cs
  artifactKey: Guid(4b40024317d201145bf328397364aa87) Importer(815301076,1909f56bfc062723c751e8b465ee728b)
Start importing Assets/Scripts/AsteroidCollision.cs using Guid(4b40024317d201145bf328397364aa87) Importer(815301076,1909f56bfc062723c751e8b465ee728b)  -> (artifact id: '5d680a34e6ed41672caca823826757dc') in 0.017146 seconds
  Import took 0.021902 seconds .

========================================================================
Received Import Request.
  Time since last request: 9.048753 seconds.
  path: Assets/Scripts/ObstacleCollision.cs
  artifactKey: Guid(4b40024317d201145bf328397364aa87) Importer(815301076,1909f56bfc062723c751e8b465ee728b)
Start importing Assets/Scripts/ObstacleCollision.cs using Guid(4b40024317d201145bf328397364aa87) Importer(815301076,1909f56bfc062723c751e8b465ee728b)  -> (artifact id: '331fb85e8f69cd19c7557f1d1d38a44c') in 0.019605 seconds
  Import took 0.023626 seconds .

========================================================================
Received Prepare
Registering precompiled user dll's ...
Registered in 0.001140 seconds.
Begin MonoManager ReloadAssembly
Native extension for WindowsStandalone target not found
Refreshing native plugins compatible for Editor in 0.42 ms, found 0 plugins.
Preloading 0 native plugins for Editor in 0.00 ms.
Invoked RoslynAnalysisRunner static constructor.
RoslynAnalysisRunner will not be running.
RoslynAnalysisRunner has terminated.
Mono: successfully reloaded assembly
- Completed reload, in  1.683 seconds
Platform modules already initialized, skipping
Refreshing native plugins compatible for Editor in 0.40 ms, found 0 plugins.
Preloading 0 native plugins for Editor in 0.00 ms.
Unloading 1099 Unused Serialized files (Serialized files now loaded: 0)
System memory in use before: 62.6 MB.
System memory in use after: 62.6 MB.

Unloading 5 unused Assets to reduce memory usage. Loaded Objects now: 1650.
Total: 2.930000 ms (FindLiveObjects: 0.335500 ms CreateObjectMapping: 0.062700 ms MarkObjects: 2.434900 ms  DeleteObjects: 0.094900 ms)

========================================================================
Received Prepare
Registering precompiled user dll's ...
Registered in 0.001141 seconds.
Begin MonoManager ReloadAssembly
Native extension for WindowsStandalone target not found
Refreshing native plugins compatible for Editor in 0.32 ms, found 0 plugins.
Preloading 0 native plugins for Editor in 0.00 ms.
Invoked RoslynAnalysisRunner static constructor.
RoslynAnalysisRunner will not be running.
RoslynAnalysisRunner has terminated.
Mono: successfully reloaded assembly
- Completed reload, in  1.682 seconds
Platform modules already initialized, skipping
Refreshing native plugins compatible for Editor in 0.32 ms, found 0 plugins.
Preloading 0 native plugins for Editor in 0.00 ms.
Unloading 1099 Unused Serialized files (Serialized files now loaded: 0)
System memory in use before: 62.6 MB.
System memory in use after: 62.7 MB.

Unloading 5 unused Assets to reduce memory usage. Loaded Objects now: 1652.
Total: 2.908000 ms (FindLiveObjects: 0.370100 ms CreateObjectMapping: 0.052700 ms MarkObjects: 2.326100 ms  DeleteObjects: 0.157100 ms)

========================================================================
Received Import Request.
  Time since last request: 83.016548 seconds.
  path: Assets/Scripts/AsteroidManager.cs
  artifactKey: Guid(20339d76eb7a45741be9bb8e5f8994d0) Importer(815301076,1909f56bfc062723c751e8b465ee728b)
Start importing Assets/Scripts/AsteroidManager.cs using Guid(20339d76eb7a45741be9bb8e5f8994d0) Importer(815301076,1909f56bfc062723c751e8b465ee728b)  -> (artifact id: '8fb6630a134bc6b3046aa13bf0522d5e') in 0.019706 seconds
  Import took 0.025301 seconds .

========================================================================
Received Import Request.
  Time since last request: 3.328259 seconds.
  path: Assets/Scripts/ObstacleSpawner.cs
  artifactKey: Guid(20339d76eb7a45741be9bb8e5f8994d0) Importer(815301076,1909f56bfc062723c751e8b465ee728b)
Start importing Assets/Scripts/ObstacleSpawner.cs using Guid(20339d76eb7a45741be9bb8e5f8994d0) Importer(815301076,1909f56bfc062723c751e8b465ee728b)  -> (artifact id: 'c186afbf2c0294b088c546f166894130') in 0.015770 seconds
  Import took 0.019891 seconds .

========================================================================
Received Import Request.
  Time since last request: 0.002825 seconds.
  path: Assets/Scripts/ObstacleSpawner.cs
  artifactKey: Guid(20339d76eb7a45741be9bb8e5f8994d0) Importer(815301076,1909f56bfc062723c751e8b465ee728b)
Start importing Assets/Scripts/ObstacleSpawner.cs using Guid(20339d76eb7a45741be9bb8e5f8994d0) Importer(815301076,1909f56bfc062723c751e8b465ee728b)  -> (artifact id: 'c186afbf2c0294b088c546f166894130') in 0.004704 seconds
  Import took 0.008382 seconds .

========================================================================
Received Prepare
Registering precompiled user dll's ...
Registered in 0.001273 seconds.
Begin MonoManager ReloadAssembly
Native extension for WindowsStandalone target not found
Refreshing native plugins compatible for Editor in 0.56 ms, found 0 plugins.
Preloading 0 native plugins for Editor in 0.00 ms.
Invoked RoslynAnalysisRunner static constructor.
RoslynAnalysisRunner will not be running.
RoslynAnalysisRunner has terminated.
Mono: successfully reloaded assembly
- Completed reload, in  1.704 seconds
Platform modules already initialized, skipping
Refreshing native plugins compatible for Editor in 0.52 ms, found 0 plugins.
Preloading 0 native plugins for Editor in 0.00 ms.
Unloading 1099 Unused Serialized files (Serialized files now loaded: 0)
System memory in use before: 61.9 MB.
System memory in use after: 61.9 MB.

Unloading 5 unused Assets to reduce memory usage. Loaded Objects now: 1654.
Total: 3.746000 ms (FindLiveObjects: 0.355500 ms CreateObjectMapping: 0.099400 ms MarkObjects: 3.095900 ms  DeleteObjects: 0.192200 ms)

========================================================================
Received Prepare
Registering precompiled user dll's ...
Registered in 0.001106 seconds.
Begin MonoManager ReloadAssembly
Native extension for WindowsStandalone target not found
Refreshing native plugins compatible for Editor in 0.45 ms, found 0 plugins.
Preloading 0 native plugins for Editor in 0.00 ms.
Invoked RoslynAnalysisRunner static constructor.
RoslynAnalysisRunner will not be running.
RoslynAnalysisRunner has terminated.
Mono: successfully reloaded assembly
- Completed reload, in  1.583 seconds
Platform modules already initialized, skipping
Refreshing native plugins compatible for Editor in 0.54 ms, found 0 plugins.
Preloading 0 native plugins for Editor in 0.00 ms.
Unloading 1099 Unused Serialized files (Serialized files now loaded: 0)
System memory in use before: 62.0 MB.
System memory in use after: 62.1 MB.

Unloading 5 unused Assets to reduce memory usage. Loaded Objects now: 1656.
Total: 3.471900 ms (FindLiveObjects: 0.288100 ms CreateObjectMapping: 0.052900 ms MarkObjects: 2.941200 ms  DeleteObjects: 0.187100 ms)

========================================================================
Received Import Request.
  Time since last request: 58.029357 seconds.
  path: Assets/Art/Prefabs/spaceCraft3.prefab
  artifactKey: Guid(c7789dfc797e04640acd43eea1a33f12) Importer(815301076,1909f56bfc062723c751e8b465ee728b)
Start importing Assets/Art/Prefabs/spaceCraft3.prefab using Guid(c7789dfc797e04640acd43eea1a33f12) Importer(815301076,1909f56bfc062723c751e8b465ee728b)  -> (artifact id: '7e4fc03617bbeda20489b3f53965338c') in 0.164726 seconds
  Import took 0.169738 seconds .

========================================================================
Received Prepare
Registering precompiled user dll's ...
Registered in 0.001206 seconds.
Begin MonoManager ReloadAssembly
Native extension for WindowsStandalone target not found
Refreshing native plugins compatible for Editor in 0.40 ms, found 0 plugins.
Preloading 0 native plugins for Editor in 0.00 ms.
Invoked RoslynAnalysisRunner static constructor.
RoslynAnalysisRunner will not be running.
RoslynAnalysisRunner has terminated.
Mono: successfully reloaded assembly
- Completed reload, in  1.710 seconds
Platform modules already initialized, skipping
Refreshing native plugins compatible for Editor in 0.49 ms, found 0 plugins.
Preloading 0 native plugins for Editor in 0.00 ms.
Unloading 1099 Unused Serialized files (Serialized files now loaded: 0)
System memory in use before: 62.1 MB.
System memory in use after: 62.2 MB.

Unloading 5 unused Assets to reduce memory usage. Loaded Objects now: 1659.
Total: 4.195500 ms (FindLiveObjects: 0.213300 ms CreateObjectMapping: 0.065200 ms MarkObjects: 3.793000 ms  DeleteObjects: 0.122300 ms)

========================================================================
Received Import Request.
  Time since last request: 285.634527 seconds.
  path: Assets/Art/Prefabs/spaceCraft3.prefab
  artifactKey: Guid(c7789dfc797e04640acd43eea1a33f12) Importer(815301076,1909f56bfc062723c751e8b465ee728b)
Start importing Assets/Art/Prefabs/spaceCraft3.prefab using Guid(c7789dfc797e04640acd43eea1a33f12) Importer(815301076,1909f56bfc062723c751e8b465ee728b)  -> (artifact id: '7c1b78603a7e40764ccd2c55c6473a52') in 0.125163 seconds
  Import took 0.130377 seconds .

========================================================================
Received Import Request.
  Time since last request: 106.851668 seconds.
  path: Assets/Art/Prefabs/spaceCraft3.prefab
  artifactKey: Guid(c7789dfc797e04640acd43eea1a33f12) Importer(815301076,1909f56bfc062723c751e8b465ee728b)
Start importing Assets/Art/Prefabs/spaceCraft3.prefab using Guid(c7789dfc797e04640acd43eea1a33f12) Importer(815301076,1909f56bfc062723c751e8b465ee728b)  -> (artifact id: 'c645a5e3c071b5aed6ec3141c9dc0259') in 0.029387 seconds
  Import took 0.034073 seconds .

========================================================================
Received Import Request.
  Time since last request: 71.166236 seconds.
  path: Assets/Art/Prefabs/spaceCraft3.prefab
  artifactKey: Guid(c7789dfc797e04640acd43eea1a33f12) Importer(815301076,1909f56bfc062723c751e8b465ee728b)
Start importing Assets/Art/Prefabs/spaceCraft3.prefab using Guid(c7789dfc797e04640acd43eea1a33f12) Importer(815301076,1909f56bfc062723c751e8b465ee728b)  -> (artifact id: 'be7a86a273c6c8cff54623be79c58e2c') in 0.034045 seconds
  Import took 0.039121 seconds .

========================================================================
Received Prepare
Registering precompiled user dll's ...
Registered in 0.001187 seconds.
Begin MonoManager ReloadAssembly
Native extension for WindowsStandalone target not found
Refreshing native plugins compatible for Editor in 0.30 ms, found 0 plugins.
Preloading 0 native plugins for Editor in 0.00 ms.
Invoked RoslynAnalysisRunner static constructor.
RoslynAnalysisRunner will not be running.
RoslynAnalysisRunner has terminated.
Mono: successfully reloaded assembly
- Completed reload, in  1.558 seconds
Platform modules already initialized, skipping
Refreshing native plugins compatible for Editor in 0.33 ms, found 0 plugins.
Preloading 0 native plugins for Editor in 0.00 ms.
Unloading 1099 Unused Serialized files (Serialized files now loaded: 0)
System memory in use before: 62.3 MB.
System memory in use after: 62.4 MB.

Unloading 5 unused Assets to reduce memory usage. Loaded Objects now: 1662.
Total: 2.760800 ms (FindLiveObjects: 0.376700 ms CreateObjectMapping: 0.096100 ms MarkObjects: 2.166500 ms  DeleteObjects: 0.119500 ms)

========================================================================
Received Prepare
Registering precompiled user dll's ...
Registered in 0.001667 seconds.
Begin MonoManager ReloadAssembly
Native extension for WindowsStandalone target not found
Refreshing native plugins compatible for Editor in 0.32 ms, found 0 plugins.
Preloading 0 native plugins for Editor in 0.00 ms.
Invoked RoslynAnalysisRunner static constructor.
RoslynAnalysisRunner will not be running.
RoslynAnalysisRunner has terminated.
Mono: successfully reloaded assembly
- Completed reload, in  1.591 seconds
Platform modules already initialized, skipping
Refreshing native plugins compatible for Editor in 0.38 ms, found 0 plugins.
Preloading 0 native plugins for Editor in 0.00 ms.
Unloading 1099 Unused Serialized files (Serialized files now loaded: 0)
System memory in use before: 62.4 MB.
System memory in use after: 62.5 MB.

Unloading 5 unused Assets to reduce memory usage. Loaded Objects now: 1664.
Total: 3.337900 ms (FindLiveObjects: 0.264900 ms CreateObjectMapping: 0.092200 ms MarkObjects: 2.816300 ms  DeleteObjects: 0.162000 ms)

========================================================================
Received Import Request.
  Time since last request: 1099.290863 seconds.
  path: Assets/Art/Kenney Assets/Space Kit/Models/spaceCraft5.fbx
  artifactKey: Guid(842bf22ba409fb74ab5d73233d377f91) Importer(815301076,1909f56bfc062723c751e8b465ee728b)
Start importing Assets/Art/Kenney Assets/Space Kit/Models/spaceCraft5.fbx using Guid(842bf22ba409fb74ab5d73233d377f91) Importer(815301076,1909f56bfc062723c751e8b465ee728b)  -> (artifact id: '4b0c66198522cde438887dd658328504') in 0.194125 seconds
  Import took 0.198857 seconds .

========================================================================
Received Import Request.
  Time since last request: 6.009542 seconds.
  path: Assets/Art/Kenney Assets/Space Kit/Models/spaceCraft5.fbx
  artifactKey: Guid(842bf22ba409fb74ab5d73233d377f91) Importer(815301076,1909f56bfc062723c751e8b465ee728b)
Start importing Assets/Art/Kenney Assets/Space Kit/Models/spaceCraft5.fbx using Guid(842bf22ba409fb74ab5d73233d377f91) Importer(815301076,1909f56bfc062723c751e8b465ee728b)  -> (artifact id: '573c1eae7f9d46e8b3d8a1fe24592f18') in 0.043210 seconds
  Import took 0.047735 seconds .

========================================================================
Received Import Request.
  Time since last request: 17.349255 seconds.
  path: Assets/Art/Kenney Assets/Space Kit/Models/spaceCraft5.fbx
  artifactKey: Guid(842bf22ba409fb74ab5d73233d377f91) Importer(815301076,1909f56bfc062723c751e8b465ee728b)
Start importing Assets/Art/Kenney Assets/Space Kit/Models/spaceCraft5.fbx using Guid(842bf22ba409fb74ab5d73233d377f91) Importer(815301076,1909f56bfc062723c751e8b465ee728b)  -> (artifact id: '5e81a4a47c27adae7b62ba4c1488984d') in 0.041049 seconds
  Import took 0.045417 seconds .

========================================================================
Received Import Request.
  Time since last request: 8.155949 seconds.
  path: Assets/Art/Kenney Assets/Space Kit/Models/spaceCraft5.fbx
  artifactKey: Guid(842bf22ba409fb74ab5d73233d377f91) Importer(815301076,1909f56bfc062723c751e8b465ee728b)
Start importing Assets/Art/Kenney Assets/Space Kit/Models/spaceCraft5.fbx using Guid(842bf22ba409fb74ab5d73233d377f91) Importer(815301076,1909f56bfc062723c751e8b465ee728b)  -> (artifact id: '947aa1181c6a041644ef82b4b213f8b2') in 0.026933 seconds
  Import took 0.031414 seconds .

========================================================================
Received Import Request.
  Time since last request: 0.013090 seconds.
  path: Assets/Art/Kenney Assets/Space Kit/Models/spaceCraft5.fbx
  artifactKey: Guid(842bf22ba409fb74ab5d73233d377f91) Importer(815301076,1909f56bfc062723c751e8b465ee728b)
Start importing Assets/Art/Kenney Assets/Space Kit/Models/spaceCraft5.fbx using Guid(842bf22ba409fb74ab5d73233d377f91) Importer(815301076,1909f56bfc062723c751e8b465ee728b)  -> (artifact id: '947aa1181c6a041644ef82b4b213f8b2') in 0.029463 seconds
  Import took 0.033584 seconds .

========================================================================
Received Import Request.
  Time since last request: 150.529467 seconds.
  path: Assets/Art/Prefabs/spaceCraft5.prefab
  artifactKey: Guid(30672cd4361854f469967ed6f879a314) Importer(815301076,1909f56bfc062723c751e8b465ee728b)
Start importing Assets/Art/Prefabs/spaceCraft5.prefab using Guid(30672cd4361854f469967ed6f879a314) Importer(815301076,1909f56bfc062723c751e8b465ee728b)  -> (artifact id: 'fe8077011312f99a20445df54cfd264f') in 0.040335 seconds
  Import took 0.045488 seconds .

========================================================================
Received Import Request.
  Time since last request: 0.001391 seconds.
  path: Assets/Art/Prefabs/spaceCraft5.prefab
  artifactKey: Guid(30672cd4361854f469967ed6f879a314) Importer(815301076,1909f56bfc062723c751e8b465ee728b)
Start importing Assets/Art/Prefabs/spaceCraft5.prefab using Guid(30672cd4361854f469967ed6f879a314) Importer(815301076,1909f56bfc062723c751e8b465ee728b)  -> (artifact id: 'fe8077011312f99a20445df54cfd264f') in 0.020857 seconds
  Import took 0.025240 seconds .

AssetImportWorkerClient::OnTransportError - code=2 error=End of file
